<?xml version="1.0" encoding="UTF-8"?>
<!-- Generated by org.testng.reporters.JUnitReportReporter -->
<testsuite hostname="LTIN519517" failures="0" tests="24" name="Project.FindBikes" time="65.368" errors="0" timestamp="2025-08-18T15:21:47 IST" skipped="0">
  <testcase classname="Project.FindBikes" name="Maximize" time="6.241"/>
  <testcase classname="Project.FindBikes" name="Maximize" time="3.747"/>
  <testcase classname="Project.FindBikes" name="searchBikes" time="3.658"/>
  <testcase classname="Project.FindBikes" name="searchBikes" time="2.820"/>
  <testcase classname="Project.FindBikes" name="upcoming" time="2.882"/>
  <testcase classname="Project.FindBikes" name="upcoming" time="2.009"/>
  <testcase classname="Project.FindBikes" name="selectbrand" time="0.939"/>
  <testcase classname="Project.FindBikes" name="selectbrand" time="1.122"/>
  <testcase classname="Project.FindBikes" name="getBikes" time="3.183"/>
  <testcase classname="Project.FindBikes" name="getBikes" time="1.366"/>
  <testcase classname="Project.FindBikes" name="getPrices" time="0.156"/>
  <testcase classname="Project.FindBikes" name="getPrices" time="0.189"/>
  <testcase classname="Project.FindBikes" name="getdates" time="0.193"/>
  <testcase classname="Project.FindBikes" name="getdates" time="0.175"/>
  <testcase classname="Project.FindBikes" name="more" time="4.755"/>
  <testcase classname="Project.FindBikes" name="more" time="5.407"/>
  <testcase classname="Project.FindBikes" name="selectCity" time="0.539"/>
  <testcase classname="Project.FindBikes" name="selectCity" time="0.697"/>
  <testcase classname="Project.FindBikes" name="getbrands" time="0.981"/>
  <testcase classname="Project.FindBikes" name="getbrands" time="1.409"/>
  <testcase classname="Project.FindBikes" name="gmailLogin" time="11.050"/>
  <testcase classname="Project.FindBikes" name="gmailLogin" time="11.472"/>
  <testcase classname="Project.FindBikes" name="screenShot" time="0.204"/>
  <testcase classname="Project.FindBikes" name="screenShot" time="0.174"/>
</testsuite> <!-- Project.FindBikes -->
